Running: C:\Xilinx\14.4\ISE_DS\ISE\bin\nt64\unwrapped\fuse.exe -intstyle ise -incremental -lib unisims_ver -lib unimacro_ver -lib xilinxcorelib_ver -lib secureip -o C:/Users/hlug/Documents/GitHub/Verilog/mips/tb_PC_isim_beh.exe -prj C:/Users/hlug/Documents/GitHub/Verilog/mips/tb_PC_beh.prj work.tb_PC work.glbl 
ISim P.49d (signature 0x7708f090)
Number of CPUs detected in this system: 4
Turning on mult-threading, number of parallel sub-compilation jobs: 8 
Determining compilation order of HDL files
Analyzing Verilog file "C:/Users/hlug/Documents/GitHub/Verilog/mips/Reg_PC.v" into library work
Analyzing Verilog file "C:/Users/hlug/Documents/GitHub/Verilog/mips/Mux2.v" into library work
WARNING:HDLCompiler:751 - "C:/Users/hlug/Documents/GitHub/Verilog/mips/Mux2.v" Line 27: Redeclaration of ansi port Out is not allowed
Analyzing Verilog file "C:/Users/hlug/Documents/GitHub/Verilog/mips/FullAdder.v" into library work
WARNING:HDLCompiler:751 - "C:/Users/hlug/Documents/GitHub/Verilog/mips/FullAdder.v" Line 27: Redeclaration of ansi port Out is not allowed
Analyzing Verilog file "C:/Users/hlug/Documents/GitHub/Verilog/mips/tb_PC.v" into library work
Analyzing Verilog file "C:/Xilinx/14.4/ISE_DS/ISE//verilog/src/glbl.v" into library work
Starting static elaboration
Completed static elaboration
Compiling module Mux2
Compiling module Reg_PC
Compiling module FullAdder
Compiling module tb_PC
Compiling module glbl
Time Resolution for simulation is 1ps.
Waiting for 1 sub-compilation(s) to finish...
Compiled 5 Verilog Units
Built simulation executable C:/Users/hlug/Documents/GitHub/Verilog/mips/tb_PC_isim_beh.exe
Fuse Memory Usage: 30488 KB
Fuse CPU Usage: 421 ms
