Command line:
   tb_LeftShifter_isim_beh.exe
     -simmode  gui
     -simrunnum  0
     -socket  22713

Thu May 02 22:01:17 2013


 Elaboration Time: 0.078 sec

 Current Memory Usage: 512.627 Meg

 Total Signals          : 16
 Total Nets             : 77
 Total Signal Drivers   : 7
 Total Blocks           : 3
 Total Primitive Blocks : 2
 Total Processes        : 9
 Total Traceable Variables  : 19
 Total Scalar Nets and Variables : 189
Total Line Count : 21

 Total Simulation Time: 0.078 sec

 Current Memory Usage: 512.627 Meg

Thu May 02 22:01:46 2013

