Command line:
   tb_PC_isim_beh.exe
     -simmode  gui
     -simrunnum  0
     -socket  1501

Thu Apr 11 09:27:44 2013


 Elaboration Time: 0.0312 sec

 Current Memory Usage: 512.635 Meg

 Total Signals          : 22
 Total Nets             : 111
 Total Signal Drivers   : 10
 Total Blocks           : 5
 Total Primitive Blocks : 4
 Total Processes        : 14
 Total Traceable Variables  : 22
 Total Scalar Nets and Variables : 257
Total Line Count : 67

 Total Simulation Time: 0.592803 sec

 Current Memory Usage: 512.635 Meg

Thu Apr 11 09:35:21 2013

