Command line:
   tb_SignExtend_isim_beh.exe
     -simmode  gui
     -simrunnum  0
     -socket  23339

Thu May 02 22:05:22 2013


 Elaboration Time: 0.0312 sec

 Current Memory Usage: 512.627 Meg

 Total Signals          : 16
 Total Nets             : 61
 Total Signal Drivers   : 7
 Total Blocks           : 3
 Total Primitive Blocks : 2
 Total Processes        : 9
 Total Traceable Variables  : 19
 Total Scalar Nets and Variables : 157
Total Line Count : 21

 Total Simulation Time: 0.0468 sec

 Current Memory Usage: 512.627 Meg

Thu May 02 22:06:06 2013

