Command line:
   tb_CA_AND2_isim_beh.exe
     -simmode  gui
     -simrunnum  0
     -socket  50026

Tue Mar 12 11:14:06 2013


 Elaboration Time: 0.078001 sec

 Current Memory Usage: 491.098 Meg

 Total Signals          : 17
 Total Nets             : 16
 Total Signal Drivers   : 8
 Total Blocks           : 3
 Total Primitive Blocks : 2
 Total Processes        : 10
 Total Traceable Variables  : 20
 Total Scalar Nets and Variables : 98
Total Line Count : 27

 Total Simulation Time: 0.109201 sec

 Current Memory Usage: 491.098 Meg

Tue Mar 12 11:32:20 2013

